# JRE version: Java(TM) SE Runtime Environment (8.0_121-b13) (build 1.8.0_121-b13)
# Java VM: Java HotSpot(TM) 64-Bit Server VM (25.121-b13 mixed mode windows-amd64 compressed oops)
Heap:
 PSYoungGen      total 381952K, used 0K [0x00000000e0000000, 0x0000000100000000, 0x0000000100000000)
  eden space 262656K, 0% used [0x00000000e0000000,0x00000000e0000000,0x00000000f0080000)
  from space 119296K, 0% used [0x00000000f0080000,0x00000000f0080000,0x00000000f7500000)
  to   space 126464K, 0% used [0x00000000f8480000,0x00000000f8480000,0x0000000100000000)
 ParOldGen       total 307200K, used 304751K [0x00000000a0000000, 0x00000000bd680000, 0x00000000e0000000)
  object space 307200K, 99% used [0x00000000a0000000,0x00000000b299bd50,0x00000000b2c00000)
 Metaspace       used 70397K, capacity 72342K, committed 74712K, reserved 1114112K
  class space    used 9041K, capacity 9388K, committed 9944K, reserved 1048576K
GC Heap History (10 events):
Event: 8718.367 GC heap after
Heap after GC invocations=35 (full 5):
 PSYoungGen      total 311296K, used 79850K [0x00000000e0000000, 0x00000000fbb00000, 0x0000000100000000)
  eden space 231424K, 0% used [0x00000000e0000000,0x00000000e0000000,0x00000000ee200000)
  from space 79872K, 99% used [0x00000000f4880000,0x00000000f967a828,0x00000000f9680000)
  to   space 104960K, 0% used [0x00000000ee200000,0x00000000ee200000,0x00000000f4880000)
 ParOldGen       total 235520K, used 171669K [0x00000000a0000000, 0x00000000ae600000, 0x00000000e0000000)
  object space 235520K, 72% used [0x00000000a0000000,0x00000000aa7a5790,0x00000000ae600000)
 Metaspace       used 70396K, capacity 72342K, committed 74712K, reserved 1114112K
  class space    used 9040K, capacity 9388K, committed 9944K, reserved 1048576K
}
Event: 8720.309 GC heap before
{Heap before GC invocations=36 (full 5):
 PSYoungGen      total 311296K, used 311274K [0x00000000e0000000, 0x00000000fbb00000, 0x0000000100000000)
  eden space 231424K, 100% used [0x00000000e0000000,0x00000000ee200000,0x00000000ee200000)
  from space 79872K, 99% used [0x00000000f4880000,0x00000000f967a828,0x00000000f9680000)
  to   space 104960K, 0% used [0x00000000ee200000,0x00000000ee200000,0x00000000f4880000)
 ParOldGen       total 235520K, used 171669K [0x00000000a0000000, 0x00000000ae600000, 0x00000000e0000000)
  object space 235520K, 72% used [0x00000000a0000000,0x00000000aa7a5790,0x00000000ae600000)
 Metaspace       used 70397K, capacity 72342K, committed 74712K, reserved 1114112K
  class space    used 9040K, capacity 9388K, committed 9944K, reserved 1048576K
Event: 8720.826 GC heap after
Heap after GC invocations=36 (full 5):
 PSYoungGen      total 336384K, used 46545K [0x00000000e0000000, 0x00000000fd780000, 0x0000000100000000)
  eden space 231424K, 0% used [0x00000000e0000000,0x00000000e0000000,0x00000000ee200000)
  from space 104960K, 44% used [0x00000000ee200000,0x00000000f0f74750,0x00000000f4880000)
  to   space 100864K, 0% used [0x00000000f7500000,0x00000000f7500000,0x00000000fd780000)
 ParOldGen       total 252416K, used 251944K [0x00000000a0000000, 0x00000000af680000, 0x00000000e0000000)
  object space 252416K, 99% used [0x00000000a0000000,0x00000000af60a008,0x00000000af680000)
 Metaspace       used 70397K, capacity 72342K, committed 74712K, reserved 1114112K
  class space    used 9040K, capacity 9388K, committed 9944K, reserved 1048576K
}
Event: 8720.826 GC heap before
{Heap before GC invocations=37 (full 6):
 PSYoungGen      total 336384K, used 46545K [0x00000000e0000000, 0x00000000fd780000, 0x0000000100000000)
  eden space 231424K, 0% used [0x00000000e0000000,0x00000000e0000000,0x00000000ee200000)
  from space 104960K, 44% used [0x00000000ee200000,0x00000000f0f74750,0x00000000f4880000)
  to   space 100864K, 0% used [0x00000000f7500000,0x00000000f7500000,0x00000000fd780000)
 ParOldGen       total 252416K, used 251944K [0x00000000a0000000, 0x00000000af680000, 0x00000000e0000000)
  object space 252416K, 99% used [0x00000000a0000000,0x00000000af60a008,0x00000000af680000)
 Metaspace       used 70397K, capacity 72342K, committed 74712K, reserved 1114112K
  class space    used 9040K, capacity 9388K, committed 9944K, reserved 1048576K
Event: 8722.025 GC heap after
Heap after GC invocations=37 (full 6):
 PSYoungGen      total 336384K, used 0K [0x00000000e0000000, 0x00000000fd780000, 0x0000000100000000)
  eden space 231424K, 0% used [0x00000000e0000000,0x00000000e0000000,0x00000000ee200000)
  from space 104960K, 0% used [0x00000000ee200000,0x00000000ee200000,0x00000000f4880000)
  to   space 100864K, 0% used [0x00000000f7500000,0x00000000f7500000,0x00000000fd780000)
 ParOldGen       total 307200K, used 168158K [0x00000000a0000000, 0x00000000b2c00000, 0x00000000e0000000)
  object space 307200K, 54% used [0x00000000a0000000,0x00000000aa437a10,0x00000000b2c00000)
 Metaspace       used 70397K, capacity 72342K, committed 74712K, reserved 1114112K
  class space    used 9040K, capacity 9388K, committed 9944K, reserved 1048576K
}
Event: 8724.470 GC heap before
{Heap before GC invocations=38 (full 6):
 PSYoungGen      total 336384K, used 231424K [0x00000000e0000000, 0x00000000fd780000, 0x0000000100000000)
  eden space 231424K, 100% used [0x00000000e0000000,0x00000000ee200000,0x00000000ee200000)
  from space 104960K, 0% used [0x00000000ee200000,0x00000000ee200000,0x00000000f4880000)
  to   space 100864K, 0% used [0x00000000f7500000,0x00000000f7500000,0x00000000fd780000)
 ParOldGen       total 307200K, used 168158K [0x00000000a0000000, 0x00000000b2c00000, 0x00000000e0000000)
  object space 307200K, 54% used [0x00000000a0000000,0x00000000aa437a10,0x00000000b2c00000)
 Metaspace       used 70397K, capacity 72342K, committed 74712K, reserved 1114112K
  class space    used 9040K, capacity 9388K, committed 9944K, reserved 1048576K
Event: 8724.608 GC heap after
Heap after GC invocations=38 (full 6):
 PSYoungGen      total 363520K, used 100855K [0x00000000e0000000, 0x00000000feb00000, 0x0000000100000000)
  eden space 262656K, 0% used [0x00000000e0000000,0x00000000e0000000,0x00000000f0080000)
  from space 100864K, 99% used [0x00000000f7500000,0x00000000fd77dce0,0x00000000fd780000)
  to   space 119296K, 0% used [0x00000000f0080000,0x00000000f0080000,0x00000000f7500000)
 ParOldGen       total 307200K, used 173146K [0x00000000a0000000, 0x00000000b2c00000, 0x00000000e0000000)
  object space 307200K, 56% used [0x00000000a0000000,0x00000000aa9168c0,0x00000000b2c00000)
 Metaspace       used 70397K, capacity 72342K, committed 74712K, reserved 1114112K
  class space    used 9040K, capacity 9388K, committed 9944K, reserved 1048576K
}
Event: 8725.215 GC heap before
{Heap before GC invocations=39 (full 6):
 PSYoungGen      total 363520K, used 363511K [0x00000000e0000000, 0x00000000feb00000, 0x0000000100000000)
  eden space 262656K, 100% used [0x00000000e0000000,0x00000000f0080000,0x00000000f0080000)
  from space 100864K, 99% used [0x00000000f7500000,0x00000000fd77dce0,0x00000000fd780000)
  to   space 119296K, 0% used [0x00000000f0080000,0x00000000f0080000,0x00000000f7500000)
 ParOldGen       total 307200K, used 173146K [0x00000000a0000000, 0x00000000b2c00000, 0x00000000e0000000)
  object space 307200K, 56% used [0x00000000a0000000,0x00000000aa9168c0,0x00000000b2c00000)
 Metaspace       used 70397K, capacity 72342K, committed 74712K, reserved 1114112K
  class space    used 9041K, capacity 9388K, committed 9944K, reserved 1048576K
Event: 8725.501 GC heap after
Heap after GC invocations=39 (full 6):
 PSYoungGen      total 381952K, used 85914K [0x00000000e0000000, 0x0000000100000000, 0x0000000100000000)
  eden space 262656K, 0% used [0x00000000e0000000,0x00000000e0000000,0x00000000f0080000)
  from space 119296K, 72% used [0x00000000f0080000,0x00000000f5466a38,0x00000000f7500000)
  to   space 126464K, 0% used [0x00000000f8480000,0x00000000f8480000,0x0000000100000000)
 ParOldGen       total 307200K, used 277073K [0x00000000a0000000, 0x00000000b2c00000, 0x00000000e0000000)
  object space 307200K, 90% used [0x00000000a0000000,0x00000000b0e94408,0x00000000b2c00000)
 Metaspace       used 70397K, capacity 72342K, committed 74712K, reserved 1114112K
  class space    used 9041K, capacity 9388K, committed 9944K, reserved 1048576K
}
Event: 8725.501 GC heap before
{Heap before GC invocations=40 (full 7):
 PSYoungGen      total 381952K, used 85914K [0x00000000e0000000, 0x0000000100000000, 0x0000000100000000)
  eden space 262656K, 0% used [0x00000000e0000000,0x00000000e0000000,0x00000000f0080000)
  from space 119296K, 72% used [0x00000000f0080000,0x00000000f5466a38,0x00000000f7500000)
  to   space 126464K, 0% used [0x00000000f8480000,0x00000000f8480000,0x0000000100000000)
 ParOldGen       total 307200K, used 277073K [0x00000000a0000000, 0x00000000b2c00000, 0x00000000e0000000)
  object space 307200K, 90% used [0x00000000a0000000,0x00000000b0e94408,0x00000000b2c00000)
 Metaspace       used 70397K, capacity 72342K, committed 74712K, reserved 1114112K
  class space    used 9041K, capacity 9388K, committed 9944K, reserved 1048576K

