# JRE version: Java(TM) SE Runtime Environment (8.0_121-b13) (build 1.8.0_121-b13)
# Java VM: Java HotSpot(TM) 64-Bit Server VM (25.121-b13 mixed mode windows-amd64 compressed oops)
Heap:
 PSYoungGen      total 275968K, used 163615K [0x00000000e0000000, 0x00000000f7e00000, 0x0000000100000000)
  eden space 173056K, 90% used [0x00000000e0000000,0x00000000e9953d08,0x00000000ea900000)
  from space 102912K, 6% used [0x00000000f1980000,0x00000000f1ff4120,0x00000000f7e00000)
  to   space 109056K, 0% used [0x00000000ea900000,0x00000000ea900000,0x00000000f1380000)
 ParOldGen       total 519680K, used 317483K [0x00000000a0000000, 0x00000000bfb80000, 0x00000000e0000000)
  object space 519680K, 61% used [0x00000000a0000000,0x00000000b360ae30,0x00000000bfb80000)
 Metaspace       used 62219K, capacity 64478K, committed 64640K, reserved 1105920K
  class space    used 8334K, capacity 8782K, committed 8832K, reserved 1048576K
GC Heap History (10 events):
Event: 40.935 GC heap before
{Heap before GC invocations=39 (full 7):
 PSYoungGen      total 254976K, used 126464K [0x00000000e0000000, 0x00000000f8280000, 0x0000000100000000)
  eden space 126464K, 100% used [0x00000000e0000000,0x00000000e7b80000,0x00000000e7b80000)
  from space 128512K, 0% used [0x00000000e7b80000,0x00000000e7b80000,0x00000000ef900000)
  to   space 123904K, 0% used [0x00000000f0980000,0x00000000f0980000,0x00000000f8280000)
 ParOldGen       total 519680K, used 289119K [0x00000000a0000000, 0x00000000bfb80000, 0x00000000e0000000)
  object space 519680K, 55% used [0x00000000a0000000,0x00000000b1a57fc0,0x00000000bfb80000)
 Metaspace       used 54033K, capacity 55596K, committed 55808K, reserved 1097728K
  class space    used 7275K, capacity 7641K, committed 7680K, reserved 1048576K
Event: 40.972 GC heap after
Heap after GC invocations=39 (full 7):
 PSYoungGen      total 257536K, used 28682K [0x00000000e0000000, 0x00000000f7680000, 0x0000000100000000)
  eden space 145920K, 0% used [0x00000000e0000000,0x00000000e0000000,0x00000000e8e80000)
  from space 111616K, 25% used [0x00000000f0980000,0x00000000f2582a58,0x00000000f7680000)
  to   space 118784K, 0% used [0x00000000e8e80000,0x00000000e8e80000,0x00000000f0280000)
 ParOldGen       total 519680K, used 289119K [0x00000000a0000000, 0x00000000bfb80000, 0x00000000e0000000)
  object space 519680K, 55% used [0x00000000a0000000,0x00000000b1a57fc0,0x00000000bfb80000)
 Metaspace       used 54033K, capacity 55596K, committed 55808K, reserved 1097728K
  class space    used 7275K, capacity 7641K, committed 7680K, reserved 1048576K
}
Event: 41.901 GC heap before
{Heap before GC invocations=40 (full 7):
 PSYoungGen      total 257536K, used 174602K [0x00000000e0000000, 0x00000000f7680000, 0x0000000100000000)
  eden space 145920K, 100% used [0x00000000e0000000,0x00000000e8e80000,0x00000000e8e80000)
  from space 111616K, 25% used [0x00000000f0980000,0x00000000f2582a58,0x00000000f7680000)
  to   space 118784K, 0% used [0x00000000e8e80000,0x00000000e8e80000,0x00000000f0280000)
 ParOldGen       total 519680K, used 289119K [0x00000000a0000000, 0x00000000bfb80000, 0x00000000e0000000)
  object space 519680K, 55% used [0x00000000a0000000,0x00000000b1a57fc0,0x00000000bfb80000)
 Metaspace       used 54533K, capacity 56076K, committed 56320K, reserved 1097728K
  class space    used 7325K, capacity 7673K, committed 7680K, reserved 1048576K
Event: 41.953 GC heap after
Heap after GC invocations=40 (full 7):
 PSYoungGen      total 264704K, used 11413K [0x00000000e0000000, 0x00000000f8280000, 0x0000000100000000)
  eden space 145920K, 0% used [0x00000000e0000000,0x00000000e0000000,0x00000000e8e80000)
  from space 118784K, 9% used [0x00000000e8e80000,0x00000000e99a5418,0x00000000f0280000)
  to   space 116736K, 0% used [0x00000000f1080000,0x00000000f1080000,0x00000000f8280000)
 ParOldGen       total 519680K, used 317459K [0x00000000a0000000, 0x00000000bfb80000, 0x00000000e0000000)
  object space 519680K, 61% used [0x00000000a0000000,0x00000000b3604e30,0x00000000bfb80000)
 Metaspace       used 54533K, capacity 56076K, committed 56320K, reserved 1097728K
  class space    used 7325K, capacity 7673K, committed 7680K, reserved 1048576K
}
Event: 43.742 GC heap before
{Heap before GC invocations=41 (full 7):
 PSYoungGen      total 264704K, used 156575K [0x00000000e0000000, 0x00000000f8280000, 0x0000000100000000)
  eden space 145920K, 99% used [0x00000000e0000000,0x00000000e8dc2b68,0x00000000e8e80000)
  from space 118784K, 9% used [0x00000000e8e80000,0x00000000e99a5418,0x00000000f0280000)
  to   space 116736K, 0% used [0x00000000f1080000,0x00000000f1080000,0x00000000f8280000)
 ParOldGen       total 519680K, used 317459K [0x00000000a0000000, 0x00000000bfb80000, 0x00000000e0000000)
  object space 519680K, 61% used [0x00000000a0000000,0x00000000b3604e30,0x00000000bfb80000)
 Metaspace       used 56566K, capacity 58364K, committed 58496K, reserved 1099776K
  class space    used 7612K, capacity 7995K, committed 8064K, reserved 1048576K
Event: 43.754 GC heap after
Heap after GC invocations=41 (full 7):
 PSYoungGen      total 269824K, used 8756K [0x00000000e0000000, 0x00000000f7b80000, 0x0000000100000000)
  eden space 160256K, 0% used [0x00000000e0000000,0x00000000e0000000,0x00000000e9c80000)
  from space 109568K, 7% used [0x00000000f1080000,0x00000000f190d368,0x00000000f7b80000)
  to   space 114176K, 0% used [0x00000000e9c80000,0x00000000e9c80000,0x00000000f0c00000)
 ParOldGen       total 519680K, used 317467K [0x00000000a0000000, 0x00000000bfb80000, 0x00000000e0000000)
  object space 519680K, 61% used [0x00000000a0000000,0x00000000b3606e30,0x00000000bfb80000)
 Metaspace       used 56566K, capacity 58364K, committed 58496K, reserved 1099776K
  class space    used 7612K, capacity 7995K, committed 8064K, reserved 1048576K
}
Event: 43.794 GC heap before
{Heap before GC invocations=42 (full 7):
 PSYoungGen      total 269824K, used 168125K [0x00000000e0000000, 0x00000000f7b80000, 0x0000000100000000)
  eden space 160256K, 99% used [0x00000000e0000000,0x00000000e9ba20c8,0x00000000e9c80000)
  from space 109568K, 7% used [0x00000000f1080000,0x00000000f190d368,0x00000000f7b80000)
  to   space 114176K, 0% used [0x00000000e9c80000,0x00000000e9c80000,0x00000000f0c00000)
 ParOldGen       total 519680K, used 317467K [0x00000000a0000000, 0x00000000bfb80000, 0x00000000e0000000)
  object space 519680K, 61% used [0x00000000a0000000,0x00000000b3606e30,0x00000000bfb80000)
 Metaspace       used 56572K, capacity 58364K, committed 58496K, reserved 1099776K
  class space    used 7612K, capacity 7995K, committed 8064K, reserved 1048576K
Event: 43.800 GC heap after
Heap after GC invocations=42 (full 7):
 PSYoungGen      total 274432K, used 2988K [0x00000000e0000000, 0x00000000f8780000, 0x0000000100000000)
  eden space 160256K, 0% used [0x00000000e0000000,0x00000000e0000000,0x00000000e9c80000)
  from space 114176K, 2% used [0x00000000e9c80000,0x00000000e9f6b0e0,0x00000000f0c00000)
  to   space 112640K, 0% used [0x00000000f1980000,0x00000000f1980000,0x00000000f8780000)
 ParOldGen       total 519680K, used 317475K [0x00000000a0000000, 0x00000000bfb80000, 0x00000000e0000000)
  object space 519680K, 61% used [0x00000000a0000000,0x00000000b3608e30,0x00000000bfb80000)
 Metaspace       used 56572K, capacity 58364K, committed 58496K, reserved 1099776K
  class space    used 7612K, capacity 7995K, committed 8064K, reserved 1048576K
}
Event: 243.227 GC heap before
{Heap before GC invocations=43 (full 7):
 PSYoungGen      total 274432K, used 163244K [0x00000000e0000000, 0x00000000f8780000, 0x0000000100000000)
  eden space 160256K, 100% used [0x00000000e0000000,0x00000000e9c80000,0x00000000e9c80000)
  from space 114176K, 2% used [0x00000000e9c80000,0x00000000e9f6b0e0,0x00000000f0c00000)
  to   space 112640K, 0% used [0x00000000f1980000,0x00000000f1980000,0x00000000f8780000)
 ParOldGen       total 519680K, used 317475K [0x00000000a0000000, 0x00000000bfb80000, 0x00000000e0000000)
  object space 519680K, 61% used [0x00000000a0000000,0x00000000b3608e30,0x00000000bfb80000)
 Metaspace       used 59500K, capacity 61566K, committed 61824K, reserved 1103872K
  class space    used 7896K, capacity 8301K, committed 8320K, reserved 1048576K
Event: 243.310 GC heap after
Heap after GC invocations=43 (full 7):
 PSYoungGen      total 275968K, used 6608K [0x00000000e0000000, 0x00000000f7e00000, 0x0000000100000000)
  eden space 173056K, 0% used [0x00000000e0000000,0x00000000e0000000,0x00000000ea900000)
  from space 102912K, 6% used [0x00000000f1980000,0x00000000f1ff4120,0x00000000f7e00000)
  to   space 109056K, 0% used [0x00000000ea900000,0x00000000ea900000,0x00000000f1380000)
 ParOldGen       total 519680K, used 317483K [0x00000000a0000000, 0x00000000bfb80000, 0x00000000e0000000)
  object space 519680K, 61% used [0x00000000a0000000,0x00000000b360ae30,0x00000000bfb80000)
 Metaspace       used 59500K, capacity 61566K, committed 61824K, reserved 1103872K
  class space    used 7896K, capacity 8301K, committed 8320K, reserved 1048576K
}

